<?xml version="1.0" encoding="UTF-8"?>
<!-- Generated by org.testng.reporters.JUnitReportReporter -->
<testsuite hostname="tahmid_anon" failures="0" tests="1" name="testCases.TC002_LoginTest" time="1.216" errors="0" timestamp="2025-01-26T21:49:16 GMT+06:00" skipped="0">
  <testcase classname="testCases.TC002_LoginTest" name="verify_login" time="1.216"/>
</testsuite> <!-- testCases.TC002_LoginTest -->
